[2025-01-13T18:01:00.296+0000] {taskinstance.py:1956} INFO - Dependencies all met for dep_context=non-requeueable deps ti=<TaskInstance: insert_date.create_schema_ds manual__2025-01-13T18:00:48.578613+00:00 [queued]>
[2025-01-13T18:01:00.338+0000] {taskinstance.py:1956} INFO - Dependencies all met for dep_context=requeueable deps ti=<TaskInstance: insert_date.create_schema_ds manual__2025-01-13T18:00:48.578613+00:00 [queued]>
[2025-01-13T18:01:00.340+0000] {taskinstance.py:2170} INFO - Starting attempt 1 of 3
[2025-01-13T18:01:01.714+0000] {taskinstance.py:2191} INFO - Executing <Task(SQLExecuteQueryOperator): create_schema_ds> on 2025-01-13 18:00:48.578613+00:00
[2025-01-13T18:01:01.725+0000] {standard_task_runner.py:60} INFO - Started process 2265 to run task
[2025-01-13T18:01:01.731+0000] {standard_task_runner.py:87} INFO - Running: ['***', 'tasks', 'run', 'insert_date', 'create_schema_ds', 'manual__2025-01-13T18:00:48.578613+00:00', '--job-id', '3037', '--raw', '--subdir', 'DAGS_FOLDER/insert_data.py', '--cfg-path', '/tmp/tmp8ef_3ig4']
[2025-01-13T18:01:01.737+0000] {standard_task_runner.py:88} INFO - Job 3037: Subtask create_schema_ds
[2025-01-13T18:01:01.831+0000] {task_command.py:423} INFO - Running <TaskInstance: insert_date.create_schema_ds manual__2025-01-13T18:00:48.578613+00:00 [running]> on host 711845a6becd
[2025-01-13T18:01:01.918+0000] {abstractoperator.py:707} ERROR - Exception rendering Jinja template for task 'create_schema_ds', field 'sql'. Template: 'sql/create_schema_ds.sql'
Traceback (most recent call last):
  File "/home/airflow/.local/lib/python3.8/site-packages/airflow/models/abstractoperator.py", line 699, in _do_render_template_fields
    rendered_content = self.render_template(
  File "/home/airflow/.local/lib/python3.8/site-packages/airflow/template/templater.py", line 171, in render_template
    template = jinja_env.get_template(value)
  File "/home/airflow/.local/lib/python3.8/site-packages/jinja2/environment.py", line 1010, in get_template
    return self._load_template(name, globals)
  File "/home/airflow/.local/lib/python3.8/site-packages/jinja2/environment.py", line 969, in _load_template
    template = self.loader.load(self, name, self.make_globals(globals))
  File "/home/airflow/.local/lib/python3.8/site-packages/jinja2/loaders.py", line 125, in load
    source, filename, uptodate = self.get_source(environment, name)
  File "/home/airflow/.local/lib/python3.8/site-packages/jinja2/loaders.py", line 204, in get_source
    raise TemplateNotFound(template)
jinja2.exceptions.TemplateNotFound: sql/create_schema_ds.sql
[2025-01-13T18:01:01.921+0000] {taskinstance.py:2698} ERROR - Task failed with exception
Traceback (most recent call last):
  File "/home/airflow/.local/lib/python3.8/site-packages/airflow/models/taskinstance.py", line 2334, in _run_raw_task
    self._execute_task_with_callbacks(context, test_mode, session=session)
  File "/home/airflow/.local/lib/python3.8/site-packages/airflow/models/taskinstance.py", line 2465, in _execute_task_with_callbacks
    task_orig = self.render_templates(context=context)
  File "/home/airflow/.local/lib/python3.8/site-packages/airflow/models/taskinstance.py", line 2877, in render_templates
    original_task.render_template_fields(context)
  File "/home/airflow/.local/lib/python3.8/site-packages/airflow/models/baseoperator.py", line 1241, in render_template_fields
    self._do_render_template_fields(self, self.template_fields, context, jinja_env, set())
  File "/home/airflow/.local/lib/python3.8/site-packages/airflow/utils/session.py", line 79, in wrapper
    return func(*args, session=session, **kwargs)
  File "/home/airflow/.local/lib/python3.8/site-packages/airflow/models/abstractoperator.py", line 699, in _do_render_template_fields
    rendered_content = self.render_template(
  File "/home/airflow/.local/lib/python3.8/site-packages/airflow/template/templater.py", line 171, in render_template
    template = jinja_env.get_template(value)
  File "/home/airflow/.local/lib/python3.8/site-packages/jinja2/environment.py", line 1010, in get_template
    return self._load_template(name, globals)
  File "/home/airflow/.local/lib/python3.8/site-packages/jinja2/environment.py", line 969, in _load_template
    template = self.loader.load(self, name, self.make_globals(globals))
  File "/home/airflow/.local/lib/python3.8/site-packages/jinja2/loaders.py", line 125, in load
    source, filename, uptodate = self.get_source(environment, name)
  File "/home/airflow/.local/lib/python3.8/site-packages/jinja2/loaders.py", line 204, in get_source
    raise TemplateNotFound(template)
jinja2.exceptions.TemplateNotFound: sql/create_schema_ds.sql
[2025-01-13T18:01:01.935+0000] {taskinstance.py:1138} INFO - Marking task as UP_FOR_RETRY. dag_id=insert_date, task_id=create_schema_ds, execution_date=20250113T180048, start_date=20250113T180100, end_date=20250113T180101
[2025-01-13T18:01:01.958+0000] {standard_task_runner.py:107} ERROR - Failed to execute job 3037 for task create_schema_ds (sql/create_schema_ds.sql; 2265)
[2025-01-13T18:01:01.986+0000] {local_task_job_runner.py:234} INFO - Task exited with return code 1
[2025-01-13T18:01:02.030+0000] {taskinstance.py:3280} INFO - 0 downstream tasks scheduled from follow-on schedule check
