[2025-01-12T14:52:09.102+0000] {taskinstance.py:1956} INFO - Dependencies all met for dep_context=non-requeueable deps ti=<TaskInstance: insert_date.start_log manual__2025-01-12T14:52:05.644338+00:00 [queued]>
[2025-01-12T14:52:09.112+0000] {taskinstance.py:1956} INFO - Dependencies all met for dep_context=requeueable deps ti=<TaskInstance: insert_date.start_log manual__2025-01-12T14:52:05.644338+00:00 [queued]>
[2025-01-12T14:52:09.113+0000] {taskinstance.py:2170} INFO - Starting attempt 1 of 3
[2025-01-12T14:52:09.225+0000] {taskinstance.py:2191} INFO - Executing <Task(PythonOperator): start_log> on 2025-01-12 14:52:05.644338+00:00
[2025-01-12T14:52:09.229+0000] {standard_task_runner.py:60} INFO - Started process 2922 to run task
[2025-01-12T14:52:09.232+0000] {standard_task_runner.py:87} INFO - Running: ['***', 'tasks', 'run', 'insert_date', 'start_log', 'manual__2025-01-12T14:52:05.644338+00:00', '--job-id', '2273', '--raw', '--subdir', 'DAGS_FOLDER/insert_data.py', '--cfg-path', '/tmp/tmpelib976b']
[2025-01-12T14:52:09.234+0000] {standard_task_runner.py:88} INFO - Job 2273: Subtask start_log
[2025-01-12T14:52:09.276+0000] {task_command.py:423} INFO - Running <TaskInstance: insert_date.start_log manual__2025-01-12T14:52:05.644338+00:00 [running]> on host 711845a6becd
[2025-01-12T14:52:09.334+0000] {taskinstance.py:2480} INFO - Exporting env vars: AIRFLOW_CTX_DAG_OWNER='budanovsa' AIRFLOW_CTX_DAG_ID='insert_date' AIRFLOW_CTX_TASK_ID='start_log' AIRFLOW_CTX_EXECUTION_DATE='2025-01-12T14:52:05.644338+00:00' AIRFLOW_CTX_TRY_NUMBER='1' AIRFLOW_CTX_DAG_RUN_ID='manual__2025-01-12T14:52:05.644338+00:00'
[2025-01-12T14:52:09.381+0000] {taskinstance.py:2698} ERROR - Task failed with exception
Traceback (most recent call last):
  File "/home/airflow/.local/lib/python3.8/site-packages/sqlalchemy/engine/base.py", line 1910, in _execute_context
    self.dialect.do_execute(
  File "/home/airflow/.local/lib/python3.8/site-packages/sqlalchemy/engine/default.py", line 736, in do_execute
    cursor.execute(statement, parameters)
psycopg2.errors.InvalidDatetimeFormat: ОШИБКА:  неверный синтаксис для типа timestamp: "1736693525.644338"
LINE 3:         VALUES ('1736693525.644338', '2025-01-12T14:52:09.37...
                        ^


The above exception was the direct cause of the following exception:

Traceback (most recent call last):
  File "/home/airflow/.local/lib/python3.8/site-packages/airflow/models/taskinstance.py", line 433, in _execute_task
    result = execute_callable(context=context, **execute_callable_kwargs)
  File "/home/airflow/.local/lib/python3.8/site-packages/airflow/operators/python.py", line 199, in execute
    return_value = self.execute_callable()
  File "/home/airflow/.local/lib/python3.8/site-packages/airflow/operators/python.py", line 216, in execute_callable
    return self.python_callable(*self.op_args, **self.op_kwargs)
  File "/opt/airflow/dags/insert_data.py", line 65, in start_log
    connection.execute(f"""
  File "/home/airflow/.local/lib/python3.8/site-packages/sqlalchemy/engine/base.py", line 1370, in execute
    return self._exec_driver_sql(
  File "/home/airflow/.local/lib/python3.8/site-packages/sqlalchemy/engine/base.py", line 1674, in _exec_driver_sql
    ret = self._execute_context(
  File "/home/airflow/.local/lib/python3.8/site-packages/sqlalchemy/engine/base.py", line 1953, in _execute_context
    self._handle_dbapi_exception(
  File "/home/airflow/.local/lib/python3.8/site-packages/sqlalchemy/engine/base.py", line 2134, in _handle_dbapi_exception
    util.raise_(
  File "/home/airflow/.local/lib/python3.8/site-packages/sqlalchemy/util/compat.py", line 211, in raise_
    raise exception
  File "/home/airflow/.local/lib/python3.8/site-packages/sqlalchemy/engine/base.py", line 1910, in _execute_context
    self.dialect.do_execute(
  File "/home/airflow/.local/lib/python3.8/site-packages/sqlalchemy/engine/default.py", line 736, in do_execute
    cursor.execute(statement, parameters)
sqlalchemy.exc.DataError: (psycopg2.errors.InvalidDatetimeFormat) ОШИБКА:  неверный синтаксис для типа timestamp: "1736693525.644338"
LINE 3:         VALUES ('1736693525.644338', '2025-01-12T14:52:09.37...
                        ^

[SQL: 
        INSERT INTO log.logt (execution_datetime, event_datetime, event_name)
        VALUES ('1736693525.644338', '2025-01-12T14:52:09.377675', 'manual__2025-01-12T14:52:05.644338+00:00');
    ]
(Background on this error at: https://sqlalche.me/e/14/9h9h)
[2025-01-12T14:52:09.389+0000] {taskinstance.py:1138} INFO - Marking task as UP_FOR_RETRY. dag_id=insert_date, task_id=start_log, execution_date=20250112T145205, start_date=20250112T145209, end_date=20250112T145209
[2025-01-12T14:52:09.399+0000] {standard_task_runner.py:107} ERROR - Failed to execute job 2273 for task start_log ((psycopg2.errors.InvalidDatetimeFormat) ОШИБКА:  неверный синтаксис для типа timestamp: "1736693525.644338"
LINE 3:         VALUES ('1736693525.644338', '2025-01-12T14:52:09.37...
                        ^

[SQL: 
        INSERT INTO log.logt (execution_datetime, event_datetime, event_name)
        VALUES ('1736693525.644338', '2025-01-12T14:52:09.377675', 'manual__2025-01-12T14:52:05.644338+00:00');
    ]
(Background on this error at: https://sqlalche.me/e/14/9h9h); 2922)
[2025-01-12T14:52:09.405+0000] {local_task_job_runner.py:234} INFO - Task exited with return code 1
[2025-01-12T14:52:09.428+0000] {taskinstance.py:3280} INFO - 0 downstream tasks scheduled from follow-on schedule check
